<?xml version="1.0" encoding="UTF-8"?>
<!-- Generated by org.testng.reporters.JUnitXMLReporter -->
<testsuite ignored="0" hostname="LTIN487221" failures="0" tests="7" name="Default test" time="2.605" errors="0" timestamp="2024-04-03T20:49:46 IST">
  <testcase classname="testBase.BaseClass" name="@BeforeTest setup" time="-1.712157583787E9">
    <failure type="org.testng.TestNGException" message="
Parameter &amp;apos;browser&amp;apos; is required by BeforeTest on method setup but has not been marked @Optional or defined
in C:\Users\2318630\AppData\Local\Temp\testng-eclipse-948188357\testng-customsuite.xml">
      <![CDATA[org.testng.TestNGException: 
Parameter 'browser' is required by BeforeTest on method setup but has not been marked @Optional or defined
in C:\Users\2318630\AppData\Local\Temp\testng-eclipse-948188357\testng-customsuite.xml
at org.testng.internal.Parameters.createParams(Parameters.java:267)
at org.testng.internal.Parameters.createParametersForMethod(Parameters.java:355)
at org.testng.internal.Parameters.createParameters(Parameters.java:684)
at org.testng.internal.Parameters.createConfigurationParameters(Parameters.java:166)
at org.testng.internal.invokers.ConfigInvoker.invokeConfigurations(ConfigInvoker.java:306)
at org.testng.TestRunner.invokeTestConfigurations(TestRunner.java:663)
at org.testng.TestRunner.beforeRun(TestRunner.java:652)
at org.testng.TestRunner.run(TestRunner.java:614)
at org.testng.SuiteRunner.runTest(SuiteRunner.java:443)
at org.testng.SuiteRunner.runSequentially(SuiteRunner.java:437)
at org.testng.SuiteRunner.privateRun(SuiteRunner.java:397)
at org.testng.SuiteRunner.run(SuiteRunner.java:336)
at org.testng.SuiteRunnerWorker.runSuite(SuiteRunnerWorker.java:52)
at org.testng.SuiteRunnerWorker.run(SuiteRunnerWorker.java:95)
at org.testng.TestNG.runSuitesSequentially(TestNG.java:1280)
at org.testng.TestNG.runSuitesLocally(TestNG.java:1200)
at org.testng.TestNG.runSuites(TestNG.java:1114)
at org.testng.TestNG.run(TestNG.java:1082)
at org.testng.remote.AbstractRemoteTestNG.run(AbstractRemoteTestNG.java:115)
at org.testng.remote.RemoteTestNG.initAndRun(RemoteTestNG.java:251)
at org.testng.remote.RemoteTestNG.main(RemoteTestNG.java:77)
]]>
    </failure>
  </testcase> <!-- @BeforeTest setup -->
  <testcase classname="testCases.TC003_ValidatingGiftCardsSection" name="preRequistes" time="0.0">
    <skipped/>
  </testcase> <!-- preRequistes -->
  <testcase classname="testCases.TC003_ValidatingGiftCardsSection" name="validateGiftCardsSection" time="0.0">
    <skipped/>
  </testcase> <!-- validateGiftCardsSection -->
  <testcase classname="testCases.TC003_ValidatingGiftCardsSection" name="validateGiftCardsSection" time="0.0">
    <skipped/>
  </testcase> <!-- validateGiftCardsSection -->
  <testcase classname="testCases.TC003_ValidatingGiftCardsSection" name="validateGiftCardsSection" time="0.0">
    <skipped/>
  </testcase> <!-- validateGiftCardsSection -->
  <testcase classname="testCases.TC003_ValidatingGiftCardsSection" name="validateGiftCardsSection" time="0.0">
    <skipped/>
  </testcase> <!-- validateGiftCardsSection -->
  <testcase classname="testCases.TC003_ValidatingGiftCardsSection" name="validateGiftCardsSection" time="0.0">
    <skipped/>
  </testcase> <!-- validateGiftCardsSection -->
  <testcase classname="testCases.TC003_ValidatingGiftCardsSection" name="validateGiftCardsSection" time="0.001">
    <skipped/>
  </testcase> <!-- validateGiftCardsSection -->
</testsuite> <!-- Default test -->
