<html>
<head>
<title>TestNG:  Test2</title>
<link href="../testng.css" rel="stylesheet" type="text/css" />
<link href="../my-testng.css" rel="stylesheet" type="text/css" />

<style type="text/css">
.log { display: none;} 
.stack-trace { display: none;} 
</style>
<script type="text/javascript">
<!--
function flip(e) {
  current = e.style.display;
  if (current == 'block') {
    e.style.display = 'none';
    return 0;
  }
  else {
    e.style.display = 'block';
    return 1;
  }
}

function toggleBox(szDivId, elem, msg1, msg2)
{
  var res = -1;  if (document.getElementById) {
    res = flip(document.getElementById(szDivId));
  }
  else if (document.all) {
    // this is the way old msie versions work
    res = flip(document.all[szDivId]);
  }
  if(elem) {
    if(res == 0) elem.innerHTML = msg1; else elem.innerHTML = msg2;
  }

}

function toggleAllBoxes() {
  if (document.getElementsByTagName) {
    d = document.getElementsByTagName('div');
    for (i = 0; i < d.length; i++) {
      if (d[i].className == 'log') {
        flip(d[i]);
      }
    }
  }
}

// -->
</script>

</head>
<body>
<h2 align='center'>Test2</h2><table border='1' align="center">
<tr>
<td>Tests passed/Failed/Skipped:</td><td>13/3/0</td>
</tr><tr>
<td>Started on:</td><td>Mon Apr 08 13:46:51 IST 2024</td>
</tr>
<tr><td>Total time:</td><td>106 seconds (106739 ms)</td>
</tr><tr>
<td>Included groups:</td><td></td>
</tr><tr>
<td>Excluded groups:</td><td></td>
</tr>
</table><p/>
<small><i>(Hover the method name to see the test class name)</i></small><p/>
<table width='100%' border='1' class='invocation-failed'>
<tr><td colspan='4' align='center'><b>FAILED TESTS</b></td></tr>
<tr><td><b>Test method</b></td>
<td><b>Attribute(s)</b></td>
<td width="30%"><b>Exception</b></td>
<td width="10%"><b>Time (seconds)</b></td>
<td><b>Instance</b></td>
</tr>
<tr>
<td title='testCases.TC003_ValidatingGiftCardsSection.validateGiftCardsSection()'><b>validateGiftCardsSection</b><br>Test class: testCases.TC003_ValidatingGiftCardsSection<br>Parameters: Birthday/Anniversary, 5000, Rathina, rathina12@gmail.com, 6374603092, Vimal,  vimal@gmail.com, 6374603082, Chennai, 603103, valid, Passed</td>
<td><div><pre>java.lang.AssertionError: null
	at testCases.TC003_ValidatingGiftCardsSection.validateGiftCardsSection(TC003_ValidatingGiftCardsSection.java:80)
	at java.base/java.util.ArrayList.forEach(ArrayList.java:1511)
... Removed 28 stack frames</pre></div><a href='#' onClick='toggleBox("stack-trace998972329", this, "Click to show all stack frames", "Click to hide stack frames")'>Click to show all stack frames</a>
<div class='stack-trace' id='stack-trace998972329'><pre>java.lang.AssertionError: null
	at org.testng.Assert.fail(Assert.java:111)
	at org.testng.Assert.fail(Assert.java:116)
	at testCases.TC003_ValidatingGiftCardsSection.validateGiftCardsSection(TC003_ValidatingGiftCardsSection.java:80)
	at jdk.internal.reflect.GeneratedMethodAccessor37.invoke(Unknown Source)
	at java.base/jdk.internal.reflect.DelegatingMethodAccessorImpl.invoke(DelegatingMethodAccessorImpl.java:43)
	at java.base/java.lang.reflect.Method.invoke(Method.java:568)
	at org.testng.internal.invokers.MethodInvocationHelper.invokeMethod(MethodInvocationHelper.java:139)
	at org.testng.internal.invokers.TestInvoker.invokeMethod(TestInvoker.java:664)
	at org.testng.internal.invokers.TestInvoker.invokeTestMethod(TestInvoker.java:227)
	at org.testng.internal.invokers.MethodRunner.runInSequence(MethodRunner.java:50)
	at org.testng.internal.invokers.TestInvoker$MethodInvocationAgent.invoke(TestInvoker.java:957)
	at org.testng.internal.invokers.TestInvoker.invokeTestMethods(TestInvoker.java:200)
	at org.testng.internal.invokers.TestMethodWorker.invokeTestMethods(TestMethodWorker.java:148)
	at org.testng.internal.invokers.TestMethodWorker.run(TestMethodWorker.java:128)
	at java.base/java.util.ArrayList.forEach(ArrayList.java:1511)
	at org.testng.TestRunner.privateRun(TestRunner.java:848)
	at org.testng.TestRunner.run(TestRunner.java:621)
	at org.testng.SuiteRunner.runTest(SuiteRunner.java:443)
	at org.testng.SuiteRunner.runSequentially(SuiteRunner.java:437)
	at org.testng.SuiteRunner.privateRun(SuiteRunner.java:397)
	at org.testng.SuiteRunner.run(SuiteRunner.java:336)
	at org.testng.SuiteRunnerWorker.runSuite(SuiteRunnerWorker.java:52)
	at org.testng.SuiteRunnerWorker.run(SuiteRunnerWorker.java:95)
	at org.testng.TestNG.runSuitesSequentially(TestNG.java:1280)
	at org.testng.TestNG.runSuitesLocally(TestNG.java:1200)
	at org.testng.TestNG.runSuites(TestNG.java:1114)
	at org.testng.TestNG.run(TestNG.java:1082)
	at org.testng.remote.AbstractRemoteTestNG.run(AbstractRemoteTestNG.java:115)
	at org.testng.remote.RemoteTestNG.initAndRun(RemoteTestNG.java:251)
	at org.testng.remote.RemoteTestNG.main(RemoteTestNG.java:77)
</pre></div></td>
<td>5</td>
<td>testCases.TC003_ValidatingGiftCardsSection@37f21974</td></tr>
<tr>
<td title='testCases.TC003_ValidatingGiftCardsSection.validateGiftCardsSection()'><b>validateGiftCardsSection</b><br>Test class: testCases.TC003_ValidatingGiftCardsSection<br>Parameters: Birthday/Anniversary, 2000, Aswanth, as@gmail.com, 6374603092, Vimal,  vimal@gmail.com, 6374603082, Chennai, 603103, valid, Passed</td>
<td><div><pre>java.lang.AssertionError: null
	at testCases.TC003_ValidatingGiftCardsSection.validateGiftCardsSection(TC003_ValidatingGiftCardsSection.java:80)
	at java.base/java.util.ArrayList.forEach(ArrayList.java:1511)
... Removed 28 stack frames</pre></div><a href='#' onClick='toggleBox("stack-trace1305830291", this, "Click to show all stack frames", "Click to hide stack frames")'>Click to show all stack frames</a>
<div class='stack-trace' id='stack-trace1305830291'><pre>java.lang.AssertionError: null
	at org.testng.Assert.fail(Assert.java:111)
	at org.testng.Assert.fail(Assert.java:116)
	at testCases.TC003_ValidatingGiftCardsSection.validateGiftCardsSection(TC003_ValidatingGiftCardsSection.java:80)
	at jdk.internal.reflect.GeneratedMethodAccessor37.invoke(Unknown Source)
	at java.base/jdk.internal.reflect.DelegatingMethodAccessorImpl.invoke(DelegatingMethodAccessorImpl.java:43)
	at java.base/java.lang.reflect.Method.invoke(Method.java:568)
	at org.testng.internal.invokers.MethodInvocationHelper.invokeMethod(MethodInvocationHelper.java:139)
	at org.testng.internal.invokers.TestInvoker.invokeMethod(TestInvoker.java:664)
	at org.testng.internal.invokers.TestInvoker.invokeTestMethod(TestInvoker.java:227)
	at org.testng.internal.invokers.MethodRunner.runInSequence(MethodRunner.java:50)
	at org.testng.internal.invokers.TestInvoker$MethodInvocationAgent.invoke(TestInvoker.java:957)
	at org.testng.internal.invokers.TestInvoker.invokeTestMethods(TestInvoker.java:200)
	at org.testng.internal.invokers.TestMethodWorker.invokeTestMethods(TestMethodWorker.java:148)
	at org.testng.internal.invokers.TestMethodWorker.run(TestMethodWorker.java:128)
	at java.base/java.util.ArrayList.forEach(ArrayList.java:1511)
	at org.testng.TestRunner.privateRun(TestRunner.java:848)
	at org.testng.TestRunner.run(TestRunner.java:621)
	at org.testng.SuiteRunner.runTest(SuiteRunner.java:443)
	at org.testng.SuiteRunner.runSequentially(SuiteRunner.java:437)
	at org.testng.SuiteRunner.privateRun(SuiteRunner.java:397)
	at org.testng.SuiteRunner.run(SuiteRunner.java:336)
	at org.testng.SuiteRunnerWorker.runSuite(SuiteRunnerWorker.java:52)
	at org.testng.SuiteRunnerWorker.run(SuiteRunnerWorker.java:95)
	at org.testng.TestNG.runSuitesSequentially(TestNG.java:1280)
	at org.testng.TestNG.runSuitesLocally(TestNG.java:1200)
	at org.testng.TestNG.runSuites(TestNG.java:1114)
	at org.testng.TestNG.run(TestNG.java:1082)
	at org.testng.remote.AbstractRemoteTestNG.run(AbstractRemoteTestNG.java:115)
	at org.testng.remote.RemoteTestNG.initAndRun(RemoteTestNG.java:251)
	at org.testng.remote.RemoteTestNG.main(RemoteTestNG.java:77)
</pre></div></td>
<td>5</td>
<td>testCases.TC003_ValidatingGiftCardsSection@37f21974</td></tr>
<tr>
<td title='testCases.TC003_ValidatingGiftCardsSection.validateGiftCardsSection()'><b>validateGiftCardsSection</b><br>Test class: testCases.TC003_ValidatingGiftCardsSection<br>Parameters: Birthday/Anniversary, 1000, Haritha, haritha@gmail.com, 6374603092, Vimal,  vimal@gmail.com, 6374603082, Chennai, 603103, valid, Passed</td>
<td><div><pre>java.lang.AssertionError: null
	at testCases.TC003_ValidatingGiftCardsSection.validateGiftCardsSection(TC003_ValidatingGiftCardsSection.java:80)
	at java.base/java.util.ArrayList.forEach(ArrayList.java:1511)
... Removed 28 stack frames</pre></div><a href='#' onClick='toggleBox("stack-trace2134290465", this, "Click to show all stack frames", "Click to hide stack frames")'>Click to show all stack frames</a>
<div class='stack-trace' id='stack-trace2134290465'><pre>java.lang.AssertionError: null
	at org.testng.Assert.fail(Assert.java:111)
	at org.testng.Assert.fail(Assert.java:116)
	at testCases.TC003_ValidatingGiftCardsSection.validateGiftCardsSection(TC003_ValidatingGiftCardsSection.java:80)
	at jdk.internal.reflect.GeneratedMethodAccessor37.invoke(Unknown Source)
	at java.base/jdk.internal.reflect.DelegatingMethodAccessorImpl.invoke(DelegatingMethodAccessorImpl.java:43)
	at java.base/java.lang.reflect.Method.invoke(Method.java:568)
	at org.testng.internal.invokers.MethodInvocationHelper.invokeMethod(MethodInvocationHelper.java:139)
	at org.testng.internal.invokers.TestInvoker.invokeMethod(TestInvoker.java:664)
	at org.testng.internal.invokers.TestInvoker.invokeTestMethod(TestInvoker.java:227)
	at org.testng.internal.invokers.MethodRunner.runInSequence(MethodRunner.java:50)
	at org.testng.internal.invokers.TestInvoker$MethodInvocationAgent.invoke(TestInvoker.java:957)
	at org.testng.internal.invokers.TestInvoker.invokeTestMethods(TestInvoker.java:200)
	at org.testng.internal.invokers.TestMethodWorker.invokeTestMethods(TestMethodWorker.java:148)
	at org.testng.internal.invokers.TestMethodWorker.run(TestMethodWorker.java:128)
	at java.base/java.util.ArrayList.forEach(ArrayList.java:1511)
	at org.testng.TestRunner.privateRun(TestRunner.java:848)
	at org.testng.TestRunner.run(TestRunner.java:621)
	at org.testng.SuiteRunner.runTest(SuiteRunner.java:443)
	at org.testng.SuiteRunner.runSequentially(SuiteRunner.java:437)
	at org.testng.SuiteRunner.privateRun(SuiteRunner.java:397)
	at org.testng.SuiteRunner.run(SuiteRunner.java:336)
	at org.testng.SuiteRunnerWorker.runSuite(SuiteRunnerWorker.java:52)
	at org.testng.SuiteRunnerWorker.run(SuiteRunnerWorker.java:95)
	at org.testng.TestNG.runSuitesSequentially(TestNG.java:1280)
	at org.testng.TestNG.runSuitesLocally(TestNG.java:1200)
	at org.testng.TestNG.runSuites(TestNG.java:1114)
	at org.testng.TestNG.run(TestNG.java:1082)
	at org.testng.remote.AbstractRemoteTestNG.run(AbstractRemoteTestNG.java:115)
	at org.testng.remote.RemoteTestNG.initAndRun(RemoteTestNG.java:251)
	at org.testng.remote.RemoteTestNG.main(RemoteTestNG.java:77)
</pre></div></td>
<td>5</td>
<td>testCases.TC003_ValidatingGiftCardsSection@37f21974</td></tr>
</table><p>
<table width='100%' border='1' class='invocation-passed'>
<tr><td colspan='4' align='center'><b>PASSED TESTS</b></td></tr>
<tr><td><b>Test method</b></td>
<td><b>Attribute(s)</b></td>
<td width="30%"><b>Exception</b></td>
<td width="10%"><b>Time (seconds)</b></td>
<td><b>Instance</b></td>
</tr>
<tr>
<td title='testCases.TC003_ValidatingGiftCardsSection.validateGiftCardsSection()'><b>validateGiftCardsSection</b><br>Test class: testCases.TC003_ValidatingGiftCardsSection<br>Parameters: Birthday/Anniversary, 1000, Vimal, vimal@gmail.com, 6374603092, Vimal,  abc.com, 6374603082, Chennai, 600028, invalid, Passed</td>
<td></td>
<td>5</td>
<td>testCases.TC003_ValidatingGiftCardsSection@37f21974</td></tr>
<tr>
<td title='testCases.TC003_ValidatingGiftCardsSection.validateGiftCardsSection()'><b>validateGiftCardsSection</b><br>Test class: testCases.TC003_ValidatingGiftCardsSection<br>Parameters: Birthday/Anniversary, 1000, Sanjey, san.com, 6374603092, Vimal,  vimal@gmail.com, 6374603082, Chennai, 603103, invalid, Passed</td>
<td></td>
<td>5</td>
<td>testCases.TC003_ValidatingGiftCardsSection@37f21974</td></tr>
<tr>
<td title='testCases.TC003_ValidatingGiftCardsSection.validateGiftCardsSection()'><b>validateGiftCardsSection</b><br>Test class: testCases.TC003_ValidatingGiftCardsSection<br>Parameters: Birthday/Anniversary, 1000, Raghu, raghu@gmail.com, 6374603092, Vimal,  vimal@gmail.com, 6374603082, Chennai, 603103, valid, Passed</td>
<td></td>
<td>5</td>
<td>testCases.TC003_ValidatingGiftCardsSection@37f21974</td></tr>
<tr>
<td title='testCases.TC003_ValidatingGiftCardsSection.validateGiftCardsSection()'><b>validateGiftCardsSection</b><br>Test class: testCases.TC003_ValidatingGiftCardsSection<br>Parameters: Birthday/Anniversary, 1000, Bannela raj, raj.com, 6374603092, Vimal,  vimal@gmail.com, 6374603082, Chennai, 603103, invalid, Passed</td>
<td></td>
<td>5</td>
<td>testCases.TC003_ValidatingGiftCardsSection@37f21974</td></tr>
<tr>
<td title='testCases.TC003_ValidatingGiftCardsSection.validateGiftCardsSection()'><b>validateGiftCardsSection</b><br>Test class: testCases.TC003_ValidatingGiftCardsSection<br>Parameters: Birthday/Anniversary, 1000, Gomathi, gomathi@gmail.com, 6374603092, Vimal, vimal@gmail.com, 6374603082, Chennai, 600028, valid, Passed</td>
<td></td>
<td>5</td>
<td>testCases.TC003_ValidatingGiftCardsSection@37f21974</td></tr>
<tr>
<td title='testCases.TC003_ValidatingGiftCardsSection.validateGiftCardsSection()'><b>validateGiftCardsSection</b><br>Test class: testCases.TC003_ValidatingGiftCardsSection<br>Parameters: Birthday/Anniversary, 1000, Gomz, gomzz@gmail.com, 6374603092, Vimal,  vimal@gmail.com, 6374603082, Chennai, 603103, valid, Passed</td>
<td></td>
<td>5</td>
<td>testCases.TC003_ValidatingGiftCardsSection@37f21974</td></tr>
<tr>
<td title='testCases.TC001_ValidatingBookshelvesResult.validateBookshelveResult()'><b>validateBookshelveResult</b><br>Test class: testCases.TC001_ValidatingBookshelvesResult</td>
<td></td>
<td>12</td>
<td>testCases.TC001_ValidatingBookshelvesResult@3af17be2</td></tr>
<tr>
<td title='testCases.TC003_ValidatingGiftCardsSection.validateGiftCardsSection()'><b>validateGiftCardsSection</b><br>Test class: testCases.TC003_ValidatingGiftCardsSection<br>Parameters: Birthday/Anniversary, 5000, Aswath, aswath@gmail.com, 6374603092, Vimal,  vimal@gmail.com, 6374603082, Chennai, 603103, valid, Passed</td>
<td></td>
<td>5</td>
<td>testCases.TC003_ValidatingGiftCardsSection@37f21974</td></tr>
<tr>
<td title='testCases.TC003_ValidatingGiftCardsSection.validateGiftCardsSection()'><b>validateGiftCardsSection</b><br>Test class: testCases.TC003_ValidatingGiftCardsSection<br>Parameters: Birthday/Anniversary, 1000, Nikil, nikil@gmail.com, 6374603092, Vimal,  vimal@gmail.com, 6374603092, Chennai, 600028, valid, Passed</td>
<td></td>
<td>5</td>
<td>testCases.TC003_ValidatingGiftCardsSection@37f21974</td></tr>
<tr>
<td title='testCases.TC003_ValidatingGiftCardsSection.validateGiftCardsSection()'><b>validateGiftCardsSection</b><br>Test class: testCases.TC003_ValidatingGiftCardsSection<br>Parameters: Birthday/Anniversary, 1000, Kamal, kamal.com, 6374603092, Vimal, vimal@gmail.com, 6374603082, Chennai, 600028, invalid, Passed</td>
<td></td>
<td>6</td>
<td>testCases.TC003_ValidatingGiftCardsSection@37f21974</td></tr>
<tr>
<td title='testCases.TC002_ValidatingSubMenuOfLivingStorage.validateSubmenuUnderLivingStorage()'><b>validateSubmenuUnderLivingStorage</b><br>Test class: testCases.TC002_ValidatingSubMenuOfLivingStorage</td>
<td></td>
<td>2</td>
<td>testCases.TC002_ValidatingSubMenuOfLivingStorage@f9879ac</td></tr>
<tr>
<td title='testCases.TC003_ValidatingGiftCardsSection.validateGiftCardsSection()'><b>validateGiftCardsSection</b><br>Test class: testCases.TC003_ValidatingGiftCardsSection<br>Parameters: Birthday/Anniversary, 1000, Subashini, suba@gmail.com, 6374603092, Vimal,  vimalgmail.com, 6374603082, Chennai, 603103, invalid, Passed</td>
<td></td>
<td>5</td>
<td>testCases.TC003_ValidatingGiftCardsSection@37f21974</td></tr>
<tr>
<td title='testCases.TC003_ValidatingGiftCardsSection.validateGiftCardsSection()'><b>validateGiftCardsSection</b><br>Test class: testCases.TC003_ValidatingGiftCardsSection<br>Parameters: Birthday/Anniversary, 2000, Raja, raja@gmail.com, 6374603092, Vimal, vimal@gmail.com, 6374603082, Chennai, 600028, valid, Passed</td>
<td></td>
<td>9</td>
<td>testCases.TC003_ValidatingGiftCardsSection@37f21974</td></tr>
</table><p>
</body>
</html>