<?xml version="1.0" encoding="UTF-8"?>
<!-- Generated by org.testng.reporters.JUnitXMLReporter -->
<testsuite ignored="4" hostname="LTIN487221" failures="3" tests="16" name="Test2" time="106.739" errors="0" timestamp="2024-04-08T13:48:38 IST">
  <testcase classname="testCases.TC001_ValidatingBookshelvesResult" name="validateBookshelveResult" time="12.449"/>
  <testcase classname="testCases.TC002_ValidatingSubMenuOfLivingStorage" name="validateSubmenuUnderLivingStorage" time="2.171"/>
  <testcase classname="testCases.TC003_ValidatingGiftCardsSection" name="validateGiftCardsSection" time="9.666"/>
  <testcase classname="testCases.TC003_ValidatingGiftCardsSection" name="validateGiftCardsSection" time="6.331"/>
  <testcase classname="testCases.TC003_ValidatingGiftCardsSection" name="validateGiftCardsSection" time="5.51"/>
  <testcase classname="testCases.TC003_ValidatingGiftCardsSection" name="validateGiftCardsSection" time="5.454"/>
  <testcase classname="testCases.TC003_ValidatingGiftCardsSection" name="validateGiftCardsSection" time="5.489"/>
  <testcase classname="testCases.TC003_ValidatingGiftCardsSection" name="validateGiftCardsSection" time="5.257"/>
  <testcase classname="testCases.TC003_ValidatingGiftCardsSection" name="validateGiftCardsSection" time="5.288"/>
  <testcase classname="testCases.TC003_ValidatingGiftCardsSection" name="validateGiftCardsSection" time="5.166"/>
  <testcase classname="testCases.TC003_ValidatingGiftCardsSection" name="validateGiftCardsSection" time="5.246"/>
  <testcase classname="testCases.TC003_ValidatingGiftCardsSection" name="validateGiftCardsSection" time="5.155">
    <failure type="java.lang.AssertionError" message="null">
      <![CDATA[java.lang.AssertionError: null
at testCases.TC003_ValidatingGiftCardsSection.validateGiftCardsSection(TC003_ValidatingGiftCardsSection.java:80)
at java.base/java.util.ArrayList.forEach(ArrayList.java:1511)
... Removed 28 stack frames]]>
    </failure>
  </testcase> <!-- validateGiftCardsSection -->
  <testcase classname="testCases.TC003_ValidatingGiftCardsSection" name="validateGiftCardsSection" time="5.173">
    <failure type="java.lang.AssertionError" message="null">
      <![CDATA[java.lang.AssertionError: null
at testCases.TC003_ValidatingGiftCardsSection.validateGiftCardsSection(TC003_ValidatingGiftCardsSection.java:80)
at java.base/java.util.ArrayList.forEach(ArrayList.java:1511)
... Removed 28 stack frames]]>
    </failure>
  </testcase> <!-- validateGiftCardsSection -->
  <testcase classname="testCases.TC003_ValidatingGiftCardsSection" name="validateGiftCardsSection" time="5.16"/>
  <testcase classname="testCases.TC003_ValidatingGiftCardsSection" name="validateGiftCardsSection" time="5.137">
    <failure type="java.lang.AssertionError" message="null">
      <![CDATA[java.lang.AssertionError: null
at testCases.TC003_ValidatingGiftCardsSection.validateGiftCardsSection(TC003_ValidatingGiftCardsSection.java:80)
at java.base/java.util.ArrayList.forEach(ArrayList.java:1511)
... Removed 28 stack frames]]>
    </failure>
  </testcase> <!-- validateGiftCardsSection -->
  <testcase classname="testCases.TC003_ValidatingGiftCardsSection" name="validateGiftCardsSection" time="5.146"/>
  <testcase classname="testBase.BaseClass" name="@AfterTest close" time="0.0">
    <ignored/>
  </testcase> <!-- @AfterTest close -->
  <testcase classname="testBase.BaseClass" name="@BeforeTest setup" time="0.0">
    <ignored/>
  </testcase> <!-- @BeforeTest setup -->
  <testcase classname="testBase.BaseClass" name="@AfterTest close" time="0.0">
    <ignored/>
  </testcase> <!-- @AfterTest close -->
  <testcase classname="testBase.BaseClass" name="@BeforeTest setup" time="0.0">
    <ignored/>
  </testcase> <!-- @BeforeTest setup -->
</testsuite> <!-- Test2 -->
